{
  "stats": {
    "suites": 1,
    "tests": 3,
    "passes": 3,
    "pending": 0,
    "failures": 0,
    "start": "2022-01-02T12:08:43.537Z",
    "end": "2022-01-02T12:08:53.731Z",
    "duration": 10194,
    "testsRegistered": 3,
    "passPercent": 100,
    "pendingPercent": 0,
    "other": 0,
    "hasOther": false,
    "skipped": 0,
    "hasSkipped": false
  },
  "results": [
    {
      "uuid": "e4c758e5-8499-4522-b141-0a5fae6b592c",
      "title": "",
      "fullFile": "cypress/integration/end-to-end-login.spec.js",
      "file": "cypress/integration/end-to-end-login.spec.js",
      "beforeHooks": [],
      "afterHooks": [],
      "tests": [],
      "suites": [
        {
          "uuid": "4e077bda-b9b9-4ad6-a270-fcb282476ec0",
          "title": "Validar rotina de login",
          "fullFile": "",
          "file": "",
          "beforeHooks": [],
          "afterHooks": [],
          "tests": [
            {
              "title": "Login com sucesso: Ao informar email/senha válidos, então o feed deve ser exibido",
              "fullTitle": "Validar rotina de login Login com sucesso: Ao informar email/senha válidos, então o feed deve ser exibido",
              "timedOut": null,
              "duration": 6127,
              "state": "passed",
              "speed": "medium",
              "pass": true,
              "fail": false,
              "pending": false,
              "context": null,
              "code": "_index.default.realizarLoginComSucesso();\n_index.default.validaTelaFeed();",
              "err": {},
              "uuid": "4cf08abe-e677-4cb9-930a-8d225d8c90c0",
              "parentUUID": "4e077bda-b9b9-4ad6-a270-fcb282476ec0",
              "isHook": false,
              "skipped": false
            },
            {
              "title": "Submeter login sem informar os dados obrigatórios: Deve ser exibida mensagem solicitando os dados obrigatórios",
              "fullTitle": "Validar rotina de login Submeter login sem informar os dados obrigatórios: Deve ser exibida mensagem solicitando os dados obrigatórios",
              "timedOut": null,
              "duration": 1771,
              "state": "passed",
              "speed": "fast",
              "pass": true,
              "fail": false,
              "pending": false,
              "context": null,
              "code": "_index.default.submeterLoginSemDadosObrigatorios();\ncy.wait('@waitFeed').then(resp => {\n  expect(resp.response.body).eq('Cannot read property \\'email\\' of undefined');\n  expect(resp.response.statusCode).eq(500);\n});",
              "err": {},
              "uuid": "a9ed6b90-cbc6-4989-b3c9-e0605094adc8",
              "parentUUID": "4e077bda-b9b9-4ad6-a270-fcb282476ec0",
              "isHook": false,
              "skipped": false
            },
            {
              "title": "Submter login com email invalido e senha valida: Deve ser exibida mensagem de alerta",
              "fullTitle": "Validar rotina de login Submter login com email invalido e senha valida: Deve ser exibida mensagem de alerta",
              "timedOut": null,
              "duration": 2017,
              "state": "passed",
              "speed": "fast",
              "pass": true,
              "fail": false,
              "pending": false,
              "context": null,
              "code": "_index.default.submeterLoginComEmailInvalido();\ncy.contains('email or password is invalid');",
              "err": {},
              "uuid": "9a049946-5ee0-49db-a8ed-a0014f7c37dc",
              "parentUUID": "4e077bda-b9b9-4ad6-a270-fcb282476ec0",
              "isHook": false,
              "skipped": false
            }
          ],
          "suites": [],
          "passes": [
            "4cf08abe-e677-4cb9-930a-8d225d8c90c0",
            "a9ed6b90-cbc6-4989-b3c9-e0605094adc8",
            "9a049946-5ee0-49db-a8ed-a0014f7c37dc"
          ],
          "failures": [],
          "pending": [],
          "skipped": [],
          "duration": 9915,
          "root": false,
          "rootEmpty": false,
          "_timeout": 2000
        }
      ],
      "passes": [],
      "failures": [],
      "pending": [],
      "skipped": [],
      "duration": 0,
      "root": true,
      "rootEmpty": true,
      "_timeout": 2000
    }
  ],
  "meta": {
    "mocha": {
      "version": "7.0.1"
    },
    "mochawesome": {
      "options": {
        "quiet": true,
        "reportFilename": "mochawesome",
        "saveHtml": false,
        "saveJson": true,
        "consoleReporter": "spec",
        "useInlineDiffs": false,
        "code": true
      },
      "version": "7.0.1"
    },
    "marge": {
      "options": {
        "id": "default",
        "reportDir": "mochawesome-report",
        "quiet": true,
        "overwrite": false,
        "html": false,
        "json": true
      },
      "version": "6.0.1"
    }
  }
}