{
  "stats": {
    "suites": 1,
    "tests": 1,
    "passes": 1,
    "pending": 0,
    "failures": 0,
    "start": "2022-02-27T12:10:07.237Z",
    "end": "2022-02-27T12:10:09.211Z",
    "duration": 1974,
    "testsRegistered": 1,
    "passPercent": 100,
    "pendingPercent": 0,
    "other": 0,
    "hasOther": false,
    "skipped": 0,
    "hasSkipped": false
  },
  "results": [
    {
      "uuid": "5e645e8a-9a7b-4d6a-bed4-373ca451cf8e",
      "title": "",
      "fullFile": "cypress/integration/ui-login.spec.js",
      "file": "cypress/integration/ui-login.spec.js",
      "beforeHooks": [],
      "afterHooks": [],
      "tests": [],
      "suites": [
        {
          "uuid": "ec5c59c9-9f20-4c8c-bb24-220f74bc1b76",
          "title": "Validando rotina de login",
          "fullFile": "",
          "file": "",
          "beforeHooks": [],
          "afterHooks": [],
          "tests": [
            {
              "title": "Validando elementos em tela: Esperado que a tela tenha campos de input e botão de submite ",
              "fullTitle": "Validando rotina de login Validando elementos em tela: Esperado que a tela tenha campos de input e botão de submite ",
              "timedOut": null,
              "duration": 1854,
              "state": "passed",
              "speed": "fast",
              "pass": true,
              "fail": false,
              "pending": false,
              "context": null,
              "code": "_index.default.validadePropriedadesTela();",
              "err": {},
              "uuid": "09ea4026-6693-4b08-bec3-370372fb56ff",
              "parentUUID": "ec5c59c9-9f20-4c8c-bb24-220f74bc1b76",
              "isHook": false,
              "skipped": false
            }
          ],
          "suites": [],
          "passes": [
            "09ea4026-6693-4b08-bec3-370372fb56ff"
          ],
          "failures": [],
          "pending": [],
          "skipped": [],
          "duration": 1854,
          "root": false,
          "rootEmpty": false,
          "_timeout": 2000
        }
      ],
      "passes": [],
      "failures": [],
      "pending": [],
      "skipped": [],
      "duration": 0,
      "root": true,
      "rootEmpty": true,
      "_timeout": 2000
    }
  ],
  "meta": {
    "mocha": {
      "version": "7.0.1"
    },
    "mochawesome": {
      "options": {
        "quiet": true,
        "reportFilename": "mochawesome",
        "saveHtml": false,
        "saveJson": true,
        "consoleReporter": "spec",
        "useInlineDiffs": false,
        "code": true
      },
      "version": "7.0.1"
    },
    "marge": {
      "options": {
        "id": "default",
        "reportDir": "mochawesome-report",
        "quiet": true,
        "overwrite": false,
        "html": false,
        "json": true
      },
      "version": "6.0.1"
    }
  }
}