{
  "stats": {
    "suites": 1,
    "tests": 3,
    "passes": 3,
    "pending": 0,
    "failures": 0,
    "start": "2022-01-21T12:09:00.074Z",
    "end": "2022-01-21T12:09:08.849Z",
    "duration": 8775,
    "testsRegistered": 3,
    "passPercent": 100,
    "pendingPercent": 0,
    "other": 0,
    "hasOther": false,
    "skipped": 0,
    "hasSkipped": false
  },
  "results": [
    {
      "uuid": "b56dc5ee-11b7-45cb-a1c0-ba109d8676c8",
      "title": "",
      "fullFile": "cypress/integration/end-to-end-login.spec.js",
      "file": "cypress/integration/end-to-end-login.spec.js",
      "beforeHooks": [],
      "afterHooks": [],
      "tests": [],
      "suites": [
        {
          "uuid": "426dc287-7457-40cc-9312-efc1cf031dd3",
          "title": "Validar rotina de login",
          "fullFile": "",
          "file": "",
          "beforeHooks": [],
          "afterHooks": [],
          "tests": [
            {
              "title": "Login com sucesso: Ao informar email/senha válidos, então o feed deve ser exibido",
              "fullTitle": "Validar rotina de login Login com sucesso: Ao informar email/senha válidos, então o feed deve ser exibido",
              "timedOut": null,
              "duration": 5415,
              "state": "passed",
              "speed": "medium",
              "pass": true,
              "fail": false,
              "pending": false,
              "context": null,
              "code": "_index.default.realizarLoginComSucesso();\n_index.default.validaTelaFeed();",
              "err": {},
              "uuid": "974554aa-3fea-40fa-aace-9e689fab94d4",
              "parentUUID": "426dc287-7457-40cc-9312-efc1cf031dd3",
              "isHook": false,
              "skipped": false
            },
            {
              "title": "Submeter login sem informar os dados obrigatórios: Deve ser exibida mensagem solicitando os dados obrigatórios",
              "fullTitle": "Validar rotina de login Submeter login sem informar os dados obrigatórios: Deve ser exibida mensagem solicitando os dados obrigatórios",
              "timedOut": null,
              "duration": 1502,
              "state": "passed",
              "speed": "fast",
              "pass": true,
              "fail": false,
              "pending": false,
              "context": null,
              "code": "_index.default.submeterLoginSemDadosObrigatorios();\ncy.wait('@waitFeed').then(resp => {\n  expect(resp.response.body).eq('Cannot read property \\'email\\' of undefined');\n  expect(resp.response.statusCode).eq(500);\n});",
              "err": {},
              "uuid": "db6f8144-7587-465d-ac38-1f8011086962",
              "parentUUID": "426dc287-7457-40cc-9312-efc1cf031dd3",
              "isHook": false,
              "skipped": false
            },
            {
              "title": "Submter login com email invalido e senha valida: Deve ser exibida mensagem de alerta",
              "fullTitle": "Validar rotina de login Submter login com email invalido e senha valida: Deve ser exibida mensagem de alerta",
              "timedOut": null,
              "duration": 1769,
              "state": "passed",
              "speed": "fast",
              "pass": true,
              "fail": false,
              "pending": false,
              "context": null,
              "code": "_index.default.submeterLoginComEmailInvalido();\ncy.contains('email or password is invalid');",
              "err": {},
              "uuid": "ad45c72e-3b5d-453e-b06f-d492908e7aee",
              "parentUUID": "426dc287-7457-40cc-9312-efc1cf031dd3",
              "isHook": false,
              "skipped": false
            }
          ],
          "suites": [],
          "passes": [
            "974554aa-3fea-40fa-aace-9e689fab94d4",
            "db6f8144-7587-465d-ac38-1f8011086962",
            "ad45c72e-3b5d-453e-b06f-d492908e7aee"
          ],
          "failures": [],
          "pending": [],
          "skipped": [],
          "duration": 8686,
          "root": false,
          "rootEmpty": false,
          "_timeout": 2000
        }
      ],
      "passes": [],
      "failures": [],
      "pending": [],
      "skipped": [],
      "duration": 0,
      "root": true,
      "rootEmpty": true,
      "_timeout": 2000
    }
  ],
  "meta": {
    "mocha": {
      "version": "7.0.1"
    },
    "mochawesome": {
      "options": {
        "quiet": true,
        "reportFilename": "mochawesome",
        "saveHtml": false,
        "saveJson": true,
        "consoleReporter": "spec",
        "useInlineDiffs": false,
        "code": true
      },
      "version": "7.0.1"
    },
    "marge": {
      "options": {
        "id": "default",
        "reportDir": "mochawesome-report",
        "quiet": true,
        "overwrite": false,
        "html": false,
        "json": true
      },
      "version": "6.0.1"
    }
  }
}