{
  "stats": {
    "suites": 1,
    "tests": 1,
    "passes": 1,
    "pending": 0,
    "failures": 0,
    "start": "2021-12-11T12:08:20.010Z",
    "end": "2021-12-11T12:08:21.912Z",
    "duration": 1902,
    "testsRegistered": 1,
    "passPercent": 100,
    "pendingPercent": 0,
    "other": 0,
    "hasOther": false,
    "skipped": 0,
    "hasSkipped": false
  },
  "results": [
    {
      "uuid": "364a34a0-112d-468e-93c2-1d151c37cd7a",
      "title": "",
      "fullFile": "cypress/integration/ui-login.spec.js",
      "file": "cypress/integration/ui-login.spec.js",
      "beforeHooks": [],
      "afterHooks": [],
      "tests": [],
      "suites": [
        {
          "uuid": "9add6938-a63e-412b-8863-8df36c7b3dfd",
          "title": "Validando rotina de login",
          "fullFile": "",
          "file": "",
          "beforeHooks": [],
          "afterHooks": [],
          "tests": [
            {
              "title": "Validando elementos em tela: Esperado que a tela tenha campos de input e botão de submite ",
              "fullTitle": "Validando rotina de login Validando elementos em tela: Esperado que a tela tenha campos de input e botão de submite ",
              "timedOut": null,
              "duration": 1790,
              "state": "passed",
              "speed": "fast",
              "pass": true,
              "fail": false,
              "pending": false,
              "context": null,
              "code": "_index.default.validadePropriedadesTela();",
              "err": {},
              "uuid": "aeb479c4-f24c-4478-b428-b44e8e86f99e",
              "parentUUID": "9add6938-a63e-412b-8863-8df36c7b3dfd",
              "isHook": false,
              "skipped": false
            }
          ],
          "suites": [],
          "passes": [
            "aeb479c4-f24c-4478-b428-b44e8e86f99e"
          ],
          "failures": [],
          "pending": [],
          "skipped": [],
          "duration": 1790,
          "root": false,
          "rootEmpty": false,
          "_timeout": 2000
        }
      ],
      "passes": [],
      "failures": [],
      "pending": [],
      "skipped": [],
      "duration": 0,
      "root": true,
      "rootEmpty": true,
      "_timeout": 2000
    }
  ],
  "meta": {
    "mocha": {
      "version": "7.0.1"
    },
    "mochawesome": {
      "options": {
        "quiet": true,
        "reportFilename": "mochawesome",
        "saveHtml": false,
        "saveJson": true,
        "consoleReporter": "spec",
        "useInlineDiffs": false,
        "code": true
      },
      "version": "7.0.1"
    },
    "marge": {
      "options": {
        "id": "default",
        "reportDir": "mochawesome-report",
        "quiet": true,
        "overwrite": false,
        "html": false,
        "json": true
      },
      "version": "6.0.1"
    }
  }
}